2026-05-18 15:54:31 | INFO     | app.main:lifespan:21 - 启动 企业员工管理系统 v1.0.0
2026-05-18 15:54:31 | INFO     | app.main:lifespan:22 - Debug 模式: True
2026-05-18 15:54:59 | INFO     | app.main:log_requests:108 - GET /docs - 200 - 1.19ms
2026-05-18 15:54:59 | INFO     | app.main:log_requests:108 - GET /openapi.json - 200 - 185.29ms
2026-05-18 15:55:17 | INFO     | app.main:log_requests:108 - POST /api/v1/auth/login - 200 - 758.67ms
2026-05-18 15:55:38 | INFO     | app.main:log_requests:108 - GET /api/v1/rag/documents - 200 - 494.9ms
2026-05-18 16:03:09 | INFO     | app.main:lifespan:21 - 启动 企业员工管理系统 v1.0.0
2026-05-18 16:03:09 | INFO     | app.main:lifespan:22 - Debug 模式: True
2026-05-18 16:03:15 | INFO     | app.main:log_requests:108 - GET /docs - 200 - 0.56ms
2026-05-18 16:03:16 | INFO     | app.main:log_requests:108 - GET /openapi.json - 200 - 84.14ms
2026-05-18 16:03:30 | INFO     | app.main:log_requests:108 - POST /api/v1/auth/login - 200 - 284.29ms
2026-05-18 16:04:19 | INFO     | app.main:log_requests:108 - POST /api/v1/rag/query - 200 - 8409.29ms
2026-05-18 16:05:09 | INFO     | app.main:log_requests:108 - GET /api/v1/rag/documents - 200 - 39.43ms
2026-05-18 16:09:40 | INFO     | app.main:log_requests:108 - POST /api/v1/rag/query - 200 - 33.96ms
2026-05-18 16:10:27 | INFO     | app.main:log_requests:108 - POST /api/v1/rag/query - 200 - 46.29ms
2026-05-18 16:12:45 | INFO     | app.main:lifespan:21 - 启动 企业员工管理系统 v1.0.0
2026-05-18 16:12:45 | INFO     | app.main:lifespan:22 - Debug 模式: True
2026-05-18 16:12:49 | INFO     | app.main:log_requests:108 - GET /docs - 200 - 0.51ms
2026-05-18 16:12:49 | INFO     | app.main:log_requests:108 - GET /openapi.json - 200 - 81.38ms
2026-05-18 16:13:01 | INFO     | app.main:log_requests:108 - POST /api/v1/auth/login - 200 - 300.4ms
2026-05-18 16:13:49 | INFO     | app.main:log_requests:108 - POST /api/v1/rag/query - 200 - 9804.85ms
2026-05-18 16:16:31 | INFO     | app.main:lifespan:21 - 启动 企业员工管理系统 v1.0.0
2026-05-18 16:16:31 | INFO     | app.main:lifespan:22 - Debug 模式: True
2026-05-18 16:16:37 | INFO     | app.main:log_requests:108 - GET /docs - 200 - 0.73ms
2026-05-18 16:16:37 | INFO     | app.main:log_requests:108 - GET /openapi.json - 200 - 81.76ms
2026-05-18 16:16:49 | INFO     | app.main:log_requests:108 - POST /api/v1/auth/login - 200 - 276.23ms
2026-05-18 16:18:45 | INFO     | app.main:log_requests:108 - POST /api/v1/rag/query - 200 - 78335.02ms
2026-05-18 16:25:44 | INFO     | app.main:lifespan:21 - 启动 企业员工管理系统 v1.0.0
2026-05-18 16:25:44 | INFO     | app.main:lifespan:22 - Debug 模式: True
2026-05-18 16:25:48 | INFO     | app.main:log_requests:108 - GET /docs - 200 - 0.6ms
2026-05-18 16:25:48 | INFO     | app.main:log_requests:108 - GET /openapi.json - 200 - 83.87ms
2026-05-18 16:26:10 | INFO     | app.main:log_requests:108 - POST /api/v1/auth/login - 200 - 278.74ms
2026-05-18 16:34:17 | INFO     | app.main:lifespan:21 - 启动 企业员工管理系统 v1.0.0
2026-05-18 16:34:17 | INFO     | app.main:lifespan:22 - Debug 模式: True
2026-05-18 16:34:21 | INFO     | app.main:log_requests:108 - GET /docs - 200 - 0.79ms
2026-05-18 16:34:21 | INFO     | app.main:log_requests:108 - GET /openapi.json - 200 - 97.9ms
2026-05-18 16:34:33 | INFO     | app.main:log_requests:108 - POST /api/v1/auth/login - 200 - 290.73ms
2026-05-18 16:35:44 | INFO     | app.main:log_requests:108 - POST /api/v1/rag/query - 200 - 14307.75ms
2026-05-18 16:37:22 | INFO     | app.main:log_requests:108 - POST /api/v1/rag/query - 200 - 59.0ms
2026-05-18 16:47:49 | INFO     | app.main:lifespan:21 - 启动 企业员工管理系统 v1.0.0
2026-05-18 16:47:49 | INFO     | app.main:lifespan:22 - Debug 模式: True
2026-05-18 16:47:53 | INFO     | app.main:log_requests:108 - GET /docs - 200 - 1.1ms
2026-05-18 16:47:53 | INFO     | app.main:log_requests:108 - GET /openapi.json - 200 - 112.9ms
2026-05-18 16:48:07 | INFO     | app.main:log_requests:108 - POST /api/v1/auth/login - 200 - 305.41ms
2026-05-18 16:49:14 | INFO     | app.main:log_requests:108 - POST /api/v1/rag/query - 200 - 8824.81ms
2026-05-18 17:06:24 | INFO     | app.main:lifespan:21 - 启动 企业员工管理系统 v1.0.0
2026-05-18 17:06:24 | INFO     | app.main:lifespan:22 - Debug 模式: True
2026-05-18 17:06:28 | INFO     | app.main:log_requests:108 - GET /docs - 200 - 0.6ms
2026-05-18 17:06:29 | INFO     | app.main:log_requests:108 - GET /openapi.json - 200 - 101.12ms
2026-05-18 17:06:51 | INFO     | app.main:log_requests:108 - POST /api/v1/auth/login - 200 - 299.02ms
2026-05-18 17:07:11 | INFO     | app.main:log_requests:108 - POST /api/v1/rag/query - 200 - 8951.74ms
2026-05-18 17:47:50 | INFO     | app.main:lifespan:21 - 启动 企业员工管理系统 v1.0.0
2026-05-18 17:47:50 | INFO     | app.main:lifespan:22 - Debug 模式: True
2026-05-18 17:47:55 | INFO     | app.main:log_requests:108 - GET /docs - 200 - 2.76ms
2026-05-18 17:47:55 | INFO     | app.main:log_requests:108 - GET /openapi.json - 200 - 102.43ms
2026-05-18 17:48:19 | INFO     | app.main:log_requests:108 - POST /api/v1/auth/login - 200 - 321.99ms
2026-05-18 17:49:43 | INFO     | app.main:log_requests:108 - POST /api/v1/rag/query - 200 - 13032.8ms
2026-05-18 18:38:56 | INFO     | app.main:lifespan:21 - 启动 企业员工管理系统 v1.0.0
2026-05-18 18:38:56 | INFO     | app.main:lifespan:22 - Debug 模式: True
2026-05-18 18:39:32 | INFO     | app.main:log_requests:108 - GET /docs - 200 - 0.89ms
2026-05-18 18:39:32 | INFO     | app.main:log_requests:108 - GET /openapi.json - 200 - 82.0ms
2026-05-18 18:39:48 | INFO     | app.main:log_requests:108 - POST /api/v1/auth/login - 200 - 301.76ms
2026-05-18 18:40:37 | INFO     | app.main:log_requests:108 - POST /api/v1/rag/query - 200 - 13536.12ms
2026-05-18 18:43:05 | INFO     | app.main:log_requests:108 - POST /api/v1/rag/query - 200 - 48.29ms
2026-05-18 18:44:33 | INFO     | app.main:log_requests:108 - POST /api/v1/rag/query - 200 - 68.13ms
2026-05-18 18:46:32 | INFO     | app.main:log_requests:108 - POST /api/v1/rag/query - 200 - 63.92ms
2026-05-18 18:58:02 | INFO     | app.main:lifespan:21 - 启动 企业员工管理系统 v1.0.0
2026-05-18 18:58:02 | INFO     | app.main:lifespan:22 - Debug 模式: True
2026-05-18 18:58:05 | INFO     | app.main:log_requests:108 - GET /docs - 200 - 0.57ms
2026-05-18 18:58:05 | INFO     | app.main:log_requests:108 - GET /openapi.json - 200 - 98.71ms
2026-05-18 18:58:19 | INFO     | app.main:log_requests:108 - POST /api/v1/auth/login - 200 - 292.2ms
2026-05-18 18:58:58 | INFO     | app.main:log_requests:108 - POST /api/v1/rag/query - 200 - 13877.44ms
2026-05-18 19:10:40 | INFO     | app.main:lifespan:21 - 启动 企业员工管理系统 v1.0.0
2026-05-18 19:10:40 | INFO     | app.main:lifespan:22 - Debug 模式: True
2026-05-18 19:10:42 | INFO     | app.main:log_requests:108 - GET /docs - 200 - 0.54ms
2026-05-18 19:10:42 | INFO     | app.main:log_requests:108 - GET /openapi.json - 200 - 95.09ms
2026-05-18 19:10:53 | INFO     | app.main:log_requests:108 - POST /api/v1/auth/login - 200 - 314.21ms
2026-05-18 19:13:58 | INFO     | app.main:lifespan:21 - 启动 企业员工管理系统 v1.0.0
2026-05-18 19:13:58 | INFO     | app.main:lifespan:22 - Debug 模式: True
2026-05-18 19:14:02 | INFO     | app.main:log_requests:108 - GET /docs - 200 - 0.57ms
2026-05-18 19:14:02 | INFO     | app.main:log_requests:108 - GET /openapi.json - 200 - 136.13ms
2026-05-18 19:14:14 | INFO     | app.main:log_requests:108 - POST /api/v1/auth/login - 200 - 343.41ms
2026-05-18 19:14:51 | INFO     | app.main:log_requests:108 - POST /api/v1/rag/query - 200 - 13106.41ms
2026-05-18 19:19:58 | INFO     | app.main:lifespan:21 - 启动 企业员工管理系统 v1.0.0
2026-05-18 19:19:58 | INFO     | app.main:lifespan:22 - Debug 模式: True
2026-05-18 19:20:01 | INFO     | app.main:log_requests:108 - GET /docs - 200 - 0.96ms
2026-05-18 19:20:01 | INFO     | app.main:log_requests:108 - GET /openapi.json - 200 - 111.7ms
2026-05-18 19:20:17 | INFO     | app.main:log_requests:108 - POST /api/v1/auth/login - 200 - 304.92ms
2026-05-18 19:21:02 | INFO     | app.main:log_requests:108 - POST /api/v1/rag/query - 200 - 12574.06ms
2026-05-18 19:24:46 | INFO     | app.main:lifespan:21 - 启动 企业员工管理系统 v1.0.0
2026-05-18 19:24:46 | INFO     | app.main:lifespan:22 - Debug 模式: True
2026-05-18 19:24:53 | INFO     | app.main:log_requests:108 - GET /docs - 200 - 1.52ms
2026-05-18 19:24:53 | INFO     | app.main:log_requests:108 - GET /openapi.json - 200 - 101.37ms
2026-05-18 19:25:06 | INFO     | app.main:log_requests:108 - POST /api/v1/auth/login - 200 - 320.08ms
2026-05-18 19:25:45 | INFO     | app.main:log_requests:108 - POST /api/v1/rag/query - 200 - 14263.17ms
2026-05-18 19:42:09 | INFO     | app.main:lifespan:21 - 启动 企业员工管理系统 v1.0.0
2026-05-18 19:42:09 | INFO     | app.main:lifespan:22 - Debug 模式: True
2026-05-18 19:47:15 | INFO     | app.main:log_requests:108 - GET /docs - 200 - 1.38ms
2026-05-18 19:47:15 | INFO     | app.main:log_requests:108 - GET /openapi.json - 200 - 102.84ms
2026-05-18 19:47:24 | INFO     | app.main:log_requests:108 - POST /api/v1/auth/login - 200 - 305.79ms
2026-05-18 19:48:06 | INFO     | app.main:log_requests:108 - POST /api/v1/rag/query - 200 - 14262.19ms
2026-05-18 20:05:20 | INFO     | app.main:lifespan:21 - 启动 企业员工管理系统 v1.0.0
2026-05-18 20:05:20 | INFO     | app.main:lifespan:22 - Debug 模式: True
2026-05-18 20:05:23 | INFO     | app.main:log_requests:108 - GET /docs - 200 - 0.9ms
2026-05-18 20:05:23 | INFO     | app.main:log_requests:108 - GET /openapi.json - 200 - 98.24ms
2026-05-18 20:05:36 | INFO     | app.main:log_requests:108 - POST /api/v1/auth/login - 200 - 315.15ms
2026-05-18 20:06:21 | INFO     | app.main:log_requests:108 - POST /api/v1/rag/query - 200 - 13767.45ms
2026-05-18 20:06:52 | INFO     | app.main:log_requests:108 - POST /api/v1/rag/query - 200 - 54.09ms
2026-05-18 20:07:08 | INFO     | app.main:log_requests:108 - POST /api/v1/rag/query - 200 - 75.44ms
2026-05-18 20:07:21 | INFO     | app.main:log_requests:108 - POST /api/v1/rag/query - 200 - 75.45ms
2026-05-18 20:07:43 | INFO     | app.main:log_requests:108 - POST /api/v1/rag/query - 200 - 79.57ms
2026-05-18 20:07:58 | INFO     | app.main:log_requests:108 - POST /api/v1/rag/query - 200 - 78.45ms
2026-05-18 20:16:18 | INFO     | app.main:lifespan:21 - 启动 企业员工管理系统 v1.0.0
2026-05-18 20:16:18 | INFO     | app.main:lifespan:22 - Debug 模式: True
2026-05-18 20:16:50 | INFO     | app.main:log_requests:108 - GET /docs - 200 - 0.88ms
2026-05-18 20:16:51 | INFO     | app.main:log_requests:108 - GET /openapi.json - 200 - 103.96ms
2026-05-18 20:17:00 | INFO     | app.main:log_requests:108 - POST /api/v1/auth/login - 200 - 329.57ms
2026-05-18 20:17:37 | INFO     | app.main:log_requests:108 - POST /api/v1/rag/query - 200 - 13549.33ms
2026-05-18 20:18:06 | INFO     | app.main:log_requests:108 - POST /api/v1/rag/query - 200 - 77.83ms
2026-05-18 20:18:29 | INFO     | app.main:log_requests:108 - POST /api/v1/rag/query - 200 - 65.11ms
2026-05-18 20:18:49 | INFO     | app.main:log_requests:108 - POST /api/v1/rag/query - 200 - 73.33ms
2026-05-18 20:19:48 | INFO     | app.main:log_requests:108 - POST /api/v1/rag/query - 200 - 58.98ms
2026-05-18 20:20:12 | INFO     | app.main:log_requests:108 - POST /api/v1/rag/query - 200 - 70.23ms
2026-05-18 20:22:18 | INFO     | app.main:log_requests:108 - POST /api/v1/rag/query - 200 - 74.86ms
