2026-05-17 10:47:40 | INFO     | app.main:lifespan:21 - 启动 企业员工管理系统 v1.0.0
2026-05-17 10:47:40 | INFO     | app.main:lifespan:22 - Debug 模式: True
2026-05-17 10:48:33 | INFO     | app.main:log_requests:108 - GET /docs - 200 - 0.56ms
2026-05-17 10:48:33 | INFO     | app.main:log_requests:108 - GET /openapi.json - 200 - 100.16ms
2026-05-17 10:48:46 | INFO     | app.main:log_requests:108 - POST /api/v1/auth/login - 200 - 436.11ms
2026-05-17 10:48:59 | INFO     | app.main:log_requests:108 - GET /api/v1/auth/me - 422 - 2.43ms
2026-05-17 10:51:35 | INFO     | app.main:log_requests:108 - GET /openapi.json - 200 - 2.3ms
2026-05-17 10:51:46 | INFO     | app.main:log_requests:108 - GET /openapi.json - 200 - 3.19ms
2026-05-17 11:05:54 | INFO     | app.main:lifespan:21 - 启动 企业员工管理系统 v1.0.0
2026-05-17 11:05:54 | INFO     | app.main:lifespan:22 - Debug 模式: True
2026-05-17 11:06:12 | INFO     | app.main:log_requests:108 - GET /docs - 200 - 0.64ms
2026-05-17 11:06:12 | INFO     | app.main:log_requests:108 - GET /openapi.json - 200 - 100.29ms
2026-05-17 11:06:32 | INFO     | app.main:log_requests:108 - POST /api/v1/auth/login - 200 - 301.82ms
2026-05-17 11:06:46 | INFO     | app.main:log_requests:108 - GET /api/v1/auth/me - 200 - 13.52ms
2026-05-17 11:10:54 | INFO     | app.main:log_requests:108 - POST /api/v1/employees/ - 201 - 45.33ms
2026-05-17 11:12:36 | INFO     | app.main:log_requests:108 - GET /api/v1/employees/ - 200 - 20.58ms
2026-05-17 11:13:25 | INFO     | app.main:log_requests:108 - GET /api/v1/employees/01 - 200 - 16.14ms
2026-05-17 11:14:21 | INFO     | app.main:log_requests:108 - GET /api/v1/departments/ - 200 - 9.5ms
2026-05-17 11:14:40 | INFO     | app.main:log_requests:108 - GET /api/v1/departments/1 - 200 - 7.35ms
2026-05-17 11:15:44 | INFO     | app.main:log_requests:108 - GET /api/v1/roles/ - 200 - 10.63ms
2026-05-17 11:18:35 | INFO     | app.main:log_requests:108 - GET / - 200 - 1.16ms
2026-05-17 11:18:45 | INFO     | app.main:log_requests:108 - GET /health - 200 - 1.03ms
2026-05-17 11:18:55 | INFO     | app.main:log_requests:108 - GET /ping - 200 - 1.03ms
2026-05-17 16:11:05 | INFO     | app.main:log_requests:108 - POST /api/v1/rag/documents/upload - 401 - 33.73ms
2026-05-17 16:11:24 | INFO     | app.main:log_requests:108 - POST /api/v1/auth/login - 200 - 244.97ms
2026-05-17 16:26:46 | INFO     | app.main:lifespan:21 - 启动 企业员工管理系统 v1.0.0
2026-05-17 16:26:46 | INFO     | app.main:lifespan:22 - Debug 模式: True
2026-05-17 16:26:52 | INFO     | app.main:log_requests:108 - GET /docs - 200 - 0.57ms
2026-05-17 16:26:52 | INFO     | app.main:log_requests:108 - GET /openapi.json - 200 - 90.33ms
2026-05-17 16:27:02 | INFO     | app.main:log_requests:108 - POST /api/v1/auth/login - 200 - 449.82ms
2026-05-17 16:27:36 | INFO     | app.main:log_requests:108 - POST /api/v1/rag/documents/upload - 401 - 4.96ms
2026-05-17 16:27:50 | INFO     | app.main:log_requests:108 - POST /api/v1/auth/login - 200 - 213.96ms
2026-05-17 16:47:07 | INFO     | app.main:lifespan:21 - 启动 企业员工管理系统 v1.0.0
2026-05-17 16:47:07 | INFO     | app.main:lifespan:22 - Debug 模式: True
2026-05-17 16:47:12 | INFO     | app.main:log_requests:108 - GET /docs - 200 - 0.97ms
2026-05-17 16:47:13 | INFO     | app.main:log_requests:108 - GET /openapi.json - 200 - 89.89ms
2026-05-17 16:47:30 | INFO     | app.main:log_requests:108 - POST /api/v1/auth/login - 200 - 404.59ms
2026-05-17 16:48:07 | INFO     | app.main:log_requests:108 - GET /.well-known/appspecific/com.chrome.devtools.json - 404 - 0.65ms
2026-05-17 19:35:05 | INFO     | app.main:lifespan:21 - 启动 企业员工管理系统 v1.0.0
2026-05-17 19:35:05 | INFO     | app.main:lifespan:22 - Debug 模式: True
2026-05-17 19:35:08 | INFO     | app.main:log_requests:108 - GET /docs - 200 - 0.6ms
2026-05-17 19:35:09 | INFO     | app.main:log_requests:108 - GET /openapi.json - 200 - 89.64ms
2026-05-17 19:35:25 | INFO     | app.main:log_requests:108 - POST /api/v1/auth/login - 200 - 341.93ms
2026-05-17 19:45:37 | INFO     | app.main:lifespan:21 - 启动 企业员工管理系统 v1.0.0
2026-05-17 19:45:37 | INFO     | app.main:lifespan:22 - Debug 模式: True
2026-05-17 19:45:52 | INFO     | app.main:log_requests:108 - GET /docs - 200 - 0.9ms
2026-05-17 19:45:53 | INFO     | app.main:log_requests:108 - GET /openapi.json - 200 - 86.51ms
2026-05-17 19:46:08 | INFO     | app.main:log_requests:108 - POST /api/v1/auth/login - 200 - 286.55ms
2026-05-17 19:52:46 | INFO     | app.main:lifespan:21 - 启动 企业员工管理系统 v1.0.0
2026-05-17 19:52:46 | INFO     | app.main:lifespan:22 - Debug 模式: True
2026-05-17 19:53:13 | INFO     | app.main:log_requests:108 - GET /docs - 200 - 0.62ms
2026-05-17 19:53:13 | INFO     | app.main:log_requests:108 - GET /openapi.json - 200 - 89.02ms
2026-05-17 19:53:28 | INFO     | app.main:log_requests:108 - POST /api/v1/auth/login - 200 - 283.42ms
2026-05-17 20:08:14 | INFO     | app.main:lifespan:21 - 启动 企业员工管理系统 v1.0.0
2026-05-17 20:08:14 | INFO     | app.main:lifespan:22 - Debug 模式: True
2026-05-17 20:08:27 | INFO     | app.main:log_requests:108 - GET /docs - 200 - 0.51ms
2026-05-17 20:08:27 | INFO     | app.main:log_requests:108 - GET /openapi.json - 200 - 79.59ms
2026-05-17 20:08:39 | INFO     | app.main:log_requests:108 - POST /api/v1/auth/login - 200 - 285.26ms
2026-05-17 20:27:53 | INFO     | app.main:lifespan:21 - 启动 企业员工管理系统 v1.0.0
2026-05-17 20:27:53 | INFO     | app.main:lifespan:22 - Debug 模式: True
2026-05-17 20:27:55 | INFO     | app.main:log_requests:108 - GET /docs - 200 - 0.63ms
2026-05-17 20:27:56 | INFO     | app.main:log_requests:108 - GET /openapi.json - 200 - 80.5ms
2026-05-17 20:28:08 | INFO     | app.main:log_requests:108 - POST /api/v1/auth/login - 200 - 286.97ms
2026-05-17 20:29:03 | INFO     | app.main:log_requests:108 - POST /api/v1/rag/documents/upload - 201 - 18520.85ms
2026-05-17 20:39:33 | INFO     | app.main:lifespan:21 - 启动 企业员工管理系统 v1.0.0
2026-05-17 20:39:33 | INFO     | app.main:lifespan:22 - Debug 模式: True
2026-05-17 20:39:36 | INFO     | app.main:log_requests:108 - GET /docs - 200 - 0.75ms
2026-05-17 20:39:36 | INFO     | app.main:log_requests:108 - GET /openapi.json - 200 - 120.8ms
2026-05-17 20:39:54 | INFO     | app.main:log_requests:108 - POST /api/v1/auth/login - 200 - 304.24ms
2026-05-17 20:40:30 | INFO     | app.main:log_requests:108 - GET /api/v1/rag/documents - 200 - 233.14ms
