2026-05-21 16:26:28 | INFO     | app.main:lifespan:21 - 启动 企业员工管理系统 v1.0.0
2026-05-21 16:26:28 | INFO     | app.main:lifespan:22 - Debug 模式: True
2026-05-21 16:27:13 | INFO     | app.main:log_requests:108 - GET /docs - 200 - 1.19ms
2026-05-21 16:27:13 | INFO     | app.main:log_requests:108 - GET /openapi.json - 200 - 143.24ms
2026-05-21 16:27:46 | INFO     | app.main:log_requests:108 - POST /api/v1/auth/login - 200 - 607.41ms
2026-05-21 16:28:31 | INFO     | app.main:log_requests:108 - GET /api/v1/rag/documents - 200 - 369.32ms
2026-05-21 19:18:58 | INFO     | app.main:lifespan:21 - 启动 企业员工管理系统 v1.0.0
2026-05-21 19:18:58 | INFO     | app.main:lifespan:22 - Debug 模式: True
2026-05-21 19:19:12 | INFO     | app.main:log_requests:108 - GET /docs - 200 - 1.03ms
2026-05-21 19:19:12 | INFO     | app.main:log_requests:108 - GET /openapi.json - 200 - 340.13ms
2026-05-21 19:21:48 | INFO     | app.main:lifespan:24 - 应用关闭
2026-05-21 19:33:37 | INFO     | app.main:lifespan:21 - 启动 企业员工管理系统 v1.0.0
2026-05-21 19:33:37 | INFO     | app.main:lifespan:22 - Debug 模式: True
2026-05-21 19:34:15 | INFO     | app.main:log_requests:108 - GET /docs - 200 - 2.0ms
2026-05-21 19:34:16 | INFO     | app.main:log_requests:108 - GET /openapi.json - 200 - 311.11ms
2026-05-21 19:40:32 | INFO     | app.main:lifespan:24 - 应用关闭
2026-05-21 19:41:13 | INFO     | app.main:lifespan:21 - 启动 企业员工管理系统 v1.0.0
2026-05-21 19:41:13 | INFO     | app.main:lifespan:22 - Debug 模式: True
2026-05-21 19:41:13 | INFO     | app.main:log_requests:108 - GET /docs - 200 - 0.57ms
2026-05-21 19:41:13 | INFO     | app.main:log_requests:108 - GET /openapi.json - 200 - 112.94ms
2026-05-21 19:41:24 | INFO     | app.main:log_requests:108 - POST /api/v1/auth/login - 200 - 330.31ms
2026-05-21 19:42:02 | INFO     | app.main:log_requests:108 - POST /api/v1/rag/query - 200 - 14159.12ms
