2026-05-15 17:18:37 | INFO     | app.main:lifespan:20 - 启动 企业员工管理系统 v1.0.0
2026-05-15 17:18:37 | INFO     | app.main:lifespan:21 - Debug 模式: True
2026-05-15 17:19:04 | INFO     | app.main:log_requests:61 - GET /health - 200 - 2.01ms
2026-05-15 17:19:11 | INFO     | app.main:log_requests:61 - GET / - 200 - 1.16ms
2026-05-15 17:19:12 | INFO     | app.main:log_requests:61 - GET /docs - 200 - 0.31ms
2026-05-15 17:25:27 | INFO     | app.main:log_requests:61 - GET / - 200 - 0.86ms
2026-05-15 17:25:27 | INFO     | app.main:log_requests:61 - GET /favicon.ico - 404 - 0.52ms
2026-05-15 17:25:32 | INFO     | app.main:log_requests:61 - GET /docs - 200 - 0.25ms
2026-05-15 17:26:53 | INFO     | app.main:log_requests:61 - GET /docs - 200 - 0.29ms
2026-05-15 17:27:04 | INFO     | app.main:log_requests:61 - GET /openapi.json - 200 - 82.42ms
2026-05-15 17:40:01 | INFO     | app.main:log_requests:61 - GET /health - 200 - 0.77ms
2026-05-15 17:40:10 | INFO     | app.main:log_requests:61 - GET /openapi.json - 200 - 0.71ms
2026-05-15 17:40:18 | INFO     | app.main:log_requests:61 - GET /openapi.json - 200 - 0.66ms
2026-05-15 17:40:57 | INFO     | app.main:lifespan:20 - 启动 企业员工管理系统 v1.0.0
2026-05-15 17:40:57 | INFO     | app.main:lifespan:21 - Debug 模式: True
2026-05-15 17:41:23 | INFO     | app.main:log_requests:61 - GET /openapi.json - 200 - 70.77ms
2026-05-15 17:41:33 | INFO     | app.main:log_requests:61 - GET /health - 200 - 1.9ms
2026-05-15 17:41:34 | INFO     | app.main:log_requests:61 - GET / - 200 - 0.9ms
2026-05-15 17:41:34 | INFO     | app.main:log_requests:61 - GET /docs - 200 - 0.36ms
2026-05-15 17:43:17 | INFO     | app.main:lifespan:20 - 启动 企业员工管理系统 v1.0.0
2026-05-15 17:43:17 | INFO     | app.main:lifespan:21 - Debug 模式: True
2026-05-15 17:43:17 | INFO     | app.main:lifespan:23 - 应用关闭
